<?xml version="1.0" encoding="UTF-8"?>
<testng-results ignored="0" total="2" passed="2" failed="0" skipped="0">
  <reporter-output>
  </reporter-output>
  <suite started-at="2024-02-09T16:44:30 IST" name="Default suite" finished-at="2024-02-09T16:48:05 IST" duration-ms="215103">
    <groups>
    </groups>
    <test started-at="2024-02-09T16:44:30 IST" name="Default test" finished-at="2024-02-09T16:48:05 IST" duration-ms="215103">
      <class name="example.AKB_Login">
        <test-method is-config="true" signature="browser()[pri:0, instance:example.AKB_Login@2ddc9a9f]" started-at="2024-02-09T16:44:30 IST" name="browser" description="Lauching the Browser" finished-at="2024-02-09T16:44:39 IST" duration-ms="8519" status="PASS">
          <reporter-output>
          </reporter-output>
        </test-method> <!-- browser -->
        <test-method signature="login()[pri:1, instance:example.AKB_Login@2ddc9a9f]" started-at="2024-02-09T16:44:39 IST" name="login" description="This method validates Sign in" finished-at="2024-02-09T16:47:39 IST" duration-ms="180500" status="PASS">
          <reporter-output>
          </reporter-output>
        </test-method> <!-- login -->
        <test-method signature="signUp()[pri:2, instance:example.AKB_Login@2ddc9a9f]" started-at="2024-02-09T16:47:39 IST" name="signUp" description="Sign up" finished-at="2024-02-09T16:48:05 IST" duration-ms="25736" status="PASS">
          <reporter-output>
          </reporter-output>
        </test-method> <!-- signUp -->
        <test-method is-config="true" signature="Terminate_browser()[pri:0, instance:example.AKB_Login@2ddc9a9f]" started-at="2024-02-09T16:48:05 IST" name="Terminate_browser" description="Terminating the Browser for Login module" finished-at="2024-02-09T16:48:05 IST" duration-ms="309" status="PASS">
          <reporter-output>
          </reporter-output>
        </test-method> <!-- Terminate_browser -->
      </class> <!-- example.AKB_Login -->
    </test> <!-- Default test -->
  </suite> <!-- Default suite -->
</testng-results>
